==29713== Memcheck, a memory error detector
==29713== Copyright (C) 2002-2022, and GNU GPL'd, by Julian Seward et al.
==29713== Using Valgrind-3.22.0 and LibVEX; rerun with -h for copyright info
==29713== Command: ./cubed maps/map1.cub
==29713== Parent PID: 28162
==29713== 
==29713== Invalid read of size 1
==29713==    at 0x10B947: get_textures (in /home/gekko/Desktop/My_Cub3d/cubed)
==29713==    by 0x10ADBD: init_map (in /home/gekko/Desktop/My_Cub3d/cubed)
==29713==    by 0x10A8FB: main (in /home/gekko/Desktop/My_Cub3d/cubed)
==29713==  Address 0x4d70842 is 0 bytes after a block of size 2 alloc'd
==29713==    at 0x4846828: malloc (in /usr/libexec/valgrind/vgpreload_memcheck-amd64-linux.so)
==29713==    by 0x10B198: extract_str (in /home/gekko/Desktop/My_Cub3d/cubed)
==29713==    by 0x10B443: get_next_line (in /home/gekko/Desktop/My_Cub3d/cubed)
==29713==    by 0x10AC5B: read_into_map (in /home/gekko/Desktop/My_Cub3d/cubed)
==29713==    by 0x10AD88: init_map (in /home/gekko/Desktop/My_Cub3d/cubed)
==29713==    by 0x10A8FB: main (in /home/gekko/Desktop/My_Cub3d/cubed)
==29713== 
{
   <insert_a_suppression_name_here>
   Memcheck:Addr1
   fun:get_textures
   fun:init_map
   fun:main
}
==29713== Invalid read of size 1
==29713==    at 0x10BFF8: ft_strncmp (ft_strncmp.c:22)
==29713==    by 0x10B98D: get_textures (in /home/gekko/Desktop/My_Cub3d/cubed)
==29713==    by 0x10ADBD: init_map (in /home/gekko/Desktop/My_Cub3d/cubed)
==29713==    by 0x10A8FB: main (in /home/gekko/Desktop/My_Cub3d/cubed)
==29713==  Address 0x4d70868 is 24 bytes after a block of size 16 in arena "client"
==29713== 
{
   <insert_a_suppression_name_here>
   Memcheck:Addr1
   fun:ft_strncmp
   fun:get_textures
   fun:init_map
   fun:main
}
==29713== Invalid read of size 1
==29713==    at 0x10C042: ft_strncmp (ft_strncmp.c:26)
==29713==    by 0x10B98D: get_textures (in /home/gekko/Desktop/My_Cub3d/cubed)
==29713==    by 0x10ADBD: init_map (in /home/gekko/Desktop/My_Cub3d/cubed)
==29713==    by 0x10A8FB: main (in /home/gekko/Desktop/My_Cub3d/cubed)
==29713==  Address 0x4d70868 is 24 bytes after a block of size 16 in arena "client"
==29713== 
{
   <insert_a_suppression_name_here>
   Memcheck:Addr1
   fun:ft_strncmp
   fun:get_textures
   fun:init_map
   fun:main
}
==29713== Invalid read of size 1
==29713==    at 0x10C062: ft_strncmp (ft_strncmp.c:28)
==29713==    by 0x10B98D: get_textures (in /home/gekko/Desktop/My_Cub3d/cubed)
==29713==    by 0x10ADBD: init_map (in /home/gekko/Desktop/My_Cub3d/cubed)
==29713==    by 0x10A8FB: main (in /home/gekko/Desktop/My_Cub3d/cubed)
==29713==  Address 0x4d70868 is 24 bytes after a block of size 16 in arena "client"
==29713== 
{
   <insert_a_suppression_name_here>
   Memcheck:Addr1
   fun:ft_strncmp
   fun:get_textures
   fun:init_map
   fun:main
}
==29713== Invalid read of size 1
==29713==    at 0x10BFF8: ft_strncmp (ft_strncmp.c:22)
==29713==    by 0x10B9EC: get_textures (in /home/gekko/Desktop/My_Cub3d/cubed)
==29713==    by 0x10ADBD: init_map (in /home/gekko/Desktop/My_Cub3d/cubed)
==29713==    by 0x10A8FB: main (in /home/gekko/Desktop/My_Cub3d/cubed)
==29713==  Address 0x4d70868 is 24 bytes after a block of size 16 in arena "client"
==29713== 
{
   <insert_a_suppression_name_here>
   Memcheck:Addr1
   fun:ft_strncmp
   fun:get_textures
   fun:init_map
   fun:main
}
==29713== Invalid read of size 1
==29713==    at 0x10C042: ft_strncmp (ft_strncmp.c:26)
==29713==    by 0x10B9EC: get_textures (in /home/gekko/Desktop/My_Cub3d/cubed)
==29713==    by 0x10ADBD: init_map (in /home/gekko/Desktop/My_Cub3d/cubed)
==29713==    by 0x10A8FB: main (in /home/gekko/Desktop/My_Cub3d/cubed)
==29713==  Address 0x4d70868 is 24 bytes after a block of size 16 in arena "client"
==29713== 
{
   <insert_a_suppression_name_here>
   Memcheck:Addr1
   fun:ft_strncmp
   fun:get_textures
   fun:init_map
   fun:main
}
==29713== Invalid read of size 1
==29713==    at 0x10C062: ft_strncmp (ft_strncmp.c:28)
==29713==    by 0x10B9EC: get_textures (in /home/gekko/Desktop/My_Cub3d/cubed)
==29713==    by 0x10ADBD: init_map (in /home/gekko/Desktop/My_Cub3d/cubed)
==29713==    by 0x10A8FB: main (in /home/gekko/Desktop/My_Cub3d/cubed)
==29713==  Address 0x4d70868 is 24 bytes after a block of size 16 in arena "client"
==29713== 
{
   <insert_a_suppression_name_here>
   Memcheck:Addr1
   fun:ft_strncmp
   fun:get_textures
   fun:init_map
   fun:main
}
==29713== Invalid read of size 1
==29713==    at 0x10BFF8: ft_strncmp (ft_strncmp.c:22)
==29713==    by 0x10BA4B: get_textures (in /home/gekko/Desktop/My_Cub3d/cubed)
==29713==    by 0x10ADBD: init_map (in /home/gekko/Desktop/My_Cub3d/cubed)
==29713==    by 0x10A8FB: main (in /home/gekko/Desktop/My_Cub3d/cubed)
==29713==  Address 0x4d70868 is 24 bytes after a block of size 16 in arena "client"
==29713== 
{
   <insert_a_suppression_name_here>
   Memcheck:Addr1
   fun:ft_strncmp
   fun:get_textures
   fun:init_map
   fun:main
}
==29713== Invalid read of size 1
==29713==    at 0x10C042: ft_strncmp (ft_strncmp.c:26)
==29713==    by 0x10BA4B: get_textures (in /home/gekko/Desktop/My_Cub3d/cubed)
==29713==    by 0x10ADBD: init_map (in /home/gekko/Desktop/My_Cub3d/cubed)
==29713==    by 0x10A8FB: main (in /home/gekko/Desktop/My_Cub3d/cubed)
==29713==  Address 0x4d70868 is 24 bytes after a block of size 16 in arena "client"
==29713== 
{
   <insert_a_suppression_name_here>
   Memcheck:Addr1
   fun:ft_strncmp
   fun:get_textures
   fun:init_map
   fun:main
}
==29713== Invalid read of size 1
==29713==    at 0x10C062: ft_strncmp (ft_strncmp.c:28)
==29713==    by 0x10BA4B: get_textures (in /home/gekko/Desktop/My_Cub3d/cubed)
==29713==    by 0x10ADBD: init_map (in /home/gekko/Desktop/My_Cub3d/cubed)
==29713==    by 0x10A8FB: main (in /home/gekko/Desktop/My_Cub3d/cubed)
==29713==  Address 0x4d70868 is 24 bytes after a block of size 16 in arena "client"
==29713== 
{
   <insert_a_suppression_name_here>
   Memcheck:Addr1
   fun:ft_strncmp
   fun:get_textures
   fun:init_map
   fun:main
}
==29713== Invalid read of size 1
==29713==    at 0x10BFF8: ft_strncmp (ft_strncmp.c:22)
==29713==    by 0x10BAAA: get_textures (in /home/gekko/Desktop/My_Cub3d/cubed)
==29713==    by 0x10ADBD: init_map (in /home/gekko/Desktop/My_Cub3d/cubed)
==29713==    by 0x10A8FB: main (in /home/gekko/Desktop/My_Cub3d/cubed)
==29713==  Address 0x4d70868 is 24 bytes after a block of size 16 in arena "client"
==29713== 
{
   <insert_a_suppression_name_here>
   Memcheck:Addr1
   fun:ft_strncmp
   fun:get_textures
   fun:init_map
   fun:main
}
==29713== Invalid read of size 1
==29713==    at 0x10C042: ft_strncmp (ft_strncmp.c:26)
==29713==    by 0x10BAAA: get_textures (in /home/gekko/Desktop/My_Cub3d/cubed)
==29713==    by 0x10ADBD: init_map (in /home/gekko/Desktop/My_Cub3d/cubed)
==29713==    by 0x10A8FB: main (in /home/gekko/Desktop/My_Cub3d/cubed)
==29713==  Address 0x4d70868 is 24 bytes after a block of size 16 in arena "client"
==29713== 
{
   <insert_a_suppression_name_here>
   Memcheck:Addr1
   fun:ft_strncmp
   fun:get_textures
   fun:init_map
   fun:main
}
==29713== Invalid read of size 1
==29713==    at 0x10C062: ft_strncmp (ft_strncmp.c:28)
==29713==    by 0x10BAAA: get_textures (in /home/gekko/Desktop/My_Cub3d/cubed)
==29713==    by 0x10ADBD: init_map (in /home/gekko/Desktop/My_Cub3d/cubed)
==29713==    by 0x10A8FB: main (in /home/gekko/Desktop/My_Cub3d/cubed)
==29713==  Address 0x4d70868 is 24 bytes after a block of size 16 in arena "client"
==29713== 
{
   <insert_a_suppression_name_here>
   Memcheck:Addr1
   fun:ft_strncmp
   fun:get_textures
   fun:init_map
   fun:main
}
==29713== Invalid read of size 1
==29713==    at 0x10BE7D: get_colors (in /home/gekko/Desktop/My_Cub3d/cubed)
==29713==    by 0x10ADD7: init_map (in /home/gekko/Desktop/My_Cub3d/cubed)
==29713==    by 0x10A8FB: main (in /home/gekko/Desktop/My_Cub3d/cubed)
==29713==  Address 0x4d70842 is 0 bytes after a block of size 2 alloc'd
==29713==    at 0x4846828: malloc (in /usr/libexec/valgrind/vgpreload_memcheck-amd64-linux.so)
==29713==    by 0x10B198: extract_str (in /home/gekko/Desktop/My_Cub3d/cubed)
==29713==    by 0x10B443: get_next_line (in /home/gekko/Desktop/My_Cub3d/cubed)
==29713==    by 0x10AC5B: read_into_map (in /home/gekko/Desktop/My_Cub3d/cubed)
==29713==    by 0x10AD88: init_map (in /home/gekko/Desktop/My_Cub3d/cubed)
==29713==    by 0x10A8FB: main (in /home/gekko/Desktop/My_Cub3d/cubed)
==29713== 
{
   <insert_a_suppression_name_here>
   Memcheck:Addr1
   fun:get_colors
   fun:init_map
   fun:main
}
==29713== Invalid read of size 1
==29713==    at 0x10BEAD: get_colors (in /home/gekko/Desktop/My_Cub3d/cubed)
==29713==    by 0x10ADD7: init_map (in /home/gekko/Desktop/My_Cub3d/cubed)
==29713==    by 0x10A8FB: main (in /home/gekko/Desktop/My_Cub3d/cubed)
==29713==  Address 0x4d70868 is 24 bytes after a block of size 16 in arena "client"
==29713== 
{
   <insert_a_suppression_name_here>
   Memcheck:Addr1
   fun:get_colors
   fun:init_map
   fun:main
}
==29713== Invalid read of size 1
==29713==    at 0x10BEF5: get_colors (in /home/gekko/Desktop/My_Cub3d/cubed)
==29713==    by 0x10ADD7: init_map (in /home/gekko/Desktop/My_Cub3d/cubed)
==29713==    by 0x10A8FB: main (in /home/gekko/Desktop/My_Cub3d/cubed)
==29713==  Address 0x4d70868 is 24 bytes after a block of size 16 in arena "client"
==29713== 
{
   <insert_a_suppression_name_here>
   Memcheck:Addr1
   fun:get_colors
   fun:init_map
   fun:main
}
==29713== 
==29713== HEAP SUMMARY:
==29713==     in use at exit: 3,553,861 bytes in 25,098 blocks
==29713==   total heap usage: 95,881 allocs, 70,783 frees, 18,340,983 bytes allocated
==29713== 
==29713== LEAK SUMMARY:
==29713==    definitely lost: 0 bytes in 0 blocks
==29713==    indirectly lost: 0 bytes in 0 blocks
==29713==      possibly lost: 785,621 bytes in 1,846 blocks
==29713==    still reachable: 2,768,240 bytes in 23,252 blocks
==29713==         suppressed: 0 bytes in 0 blocks
==29713== Rerun with --leak-check=full to see details of leaked memory
==29713== 
==29713== For lists of detected and suppressed errors, rerun with: -s
==29713== ERROR SUMMARY: 184 errors from 16 contexts (suppressed: 0 from 0)
